<!DOCTYPE html PUBLIC "-//W3C//DTD XHTML 1.1//EN" "https://www.w3.org/TR/xhtml11/DTD/xhtml11.dtd">
<html xmlns="https://www.w3.org/1999/xhtml">
<head>
<meta http-equiv="content-type" content="text/html; charset=UTF-8"/>
<title>TestNG Report</title>
<style type="text/css">table {margin-bottom:10px;border-collapse:collapse;empty-cells:show}th,td {border:1px solid #009;padding:.25em .5em}th {vertical-align:bottom}td {vertical-align:top}table a {font-weight:bold}.stripe td {background-color: #E6EBF9}.num {text-align:right}.passedodd td {background-color: #3F3}.passedeven td {background-color: #0A0}.skippedodd td {background-color: #DDD}.skippedeven td {background-color: #CCC}.failedodd td,.attn {background-color: #F33}.failedeven td,.stripe .attn {background-color: #D00}.stacktrace {white-space:pre;font-family:monospace}.totop {font-size:85%;text-align:center;border-bottom:2px solid #000}.invisible {display:none}</style>
</head>
<body>
<table>
<tr><th>Test</th><th># Passed</th><th># Skipped</th><th># Retried</th><th># Failed</th><th>Time (ms)</th><th>Included Groups</th><th>Excluded Groups</th></tr>
<tr><th colspan="8">Suite</th></tr>
<tr><td><a href="#t0">PetStoreTest</a></td><td class="num">8</td><td class="num">0</td><td class="num">0</td><td class="num attn">3</td><td class="num">26,407</td><td></td><td></td></tr>
</table>
<table id='summary'><thead><tr><th>Class</th><th>Method</th><th>Start</th><th>Time (ms)</th></tr></thead><tbody><tr><th colspan="4">Suite</th></tr></tbody><tbody id="t0"><tr><th colspan="4">PetStoreTest &#8212; failed</th></tr><tr class="failedeven"><td rowspan="3">api.test.StoreTest</td><td><a href="#m0">testDeleteOrder</a></td><td rowspan="1">1694018343614</td><td rowspan="1">2072</td></tr><tr class="failedeven"><td><a href="#m1">testGetOrderById</a></td><td rowspan="1">1694018341777</td><td rowspan="1">1834</td></tr><tr class="failedeven"><td><a href="#m2">testPostOrder</a></td><td rowspan="1">1694018338676</td><td rowspan="1">3098</td></tr><tr><th colspan="4">PetStoreTest &#8212; passed</th></tr><tr class="passedeven"><td rowspan="4">api.test.PetTest</td><td><a href="#m3">testDeletePet</a></td><td rowspan="1">1694018337211</td><td rowspan="1">1461</td></tr><tr class="passedeven"><td><a href="#m4">testGetPetByID</a></td><td rowspan="1">1694018333185</td><td rowspan="1">1513</td></tr><tr class="passedeven"><td><a href="#m5">testPostPet</a></td><td rowspan="1">1694018331617</td><td rowspan="1">1566</td></tr><tr class="passedeven"><td><a href="#m6">testUpdatePet</a></td><td rowspan="1">1694018334700</td><td rowspan="1">2507</td></tr><tr class="passedodd"><td rowspan="4">api.test.UserTests</td><td><a href="#m7">testDeleteUser</a></td><td rowspan="1">1694018330081</td><td rowspan="1">1518</td></tr><tr class="passedodd"><td><a href="#m8">testGetUserByName</a></td><td rowspan="1">1694018323773</td><td rowspan="1">1942</td></tr><tr class="passedodd"><td><a href="#m9">testPostUser</a></td><td rowspan="1">1694018320421</td><td rowspan="1">3340</td></tr><tr class="passedodd"><td><a href="#m10">testUpdateUser</a></td><td rowspan="1">1694018325716</td><td rowspan="1">4363</td></tr></tbody>
</table>
<h2>PetStoreTest</h2><h3 id="m0">api.test.StoreTest#testDeleteOrder</h3><table class="result"><tr><th>Exception</th></tr><tr><td><div class="stacktrace">java.lang.AssertionError: expected [200] but found [404]
	at api.test.StoreTest.testDeleteOrder(StoreTest.java:80)
	at java.base/java.util.ArrayList.forEach(ArrayList.java:1511)
... Removed 34 stack frames</div></td></tr></table><p class="totop"><a href="#summary">back to summary</a></p>
<h3 id="m1">api.test.StoreTest#testGetOrderById</h3><table class="result"><tr><th>Exception</th></tr><tr><td><div class="stacktrace">java.lang.AssertionError: expected [200] but found [404]
	at api.test.StoreTest.testGetOrderById(StoreTest.java:63)
	at java.base/java.util.ArrayList.forEach(ArrayList.java:1511)
... Removed 34 stack frames</div></td></tr></table><p class="totop"><a href="#summary">back to summary</a></p>
<h3 id="m2">api.test.StoreTest#testPostOrder</h3><table class="result"><tr><th>Exception</th></tr><tr><td><div class="stacktrace">java.lang.AssertionError: expected [200] but found [500]
	at api.test.StoreTest.testPostOrder(StoreTest.java:53)
	at java.base/java.util.ArrayList.forEach(ArrayList.java:1511)
... Removed 34 stack frames</div></td></tr></table><p class="totop"><a href="#summary">back to summary</a></p>
<h3 id="m3">api.test.PetTest#testDeletePet</h3><table class="result"><tr><th class="invisible"/></tr></table><p class="totop"><a href="#summary">back to summary</a></p>
<h3 id="m4">api.test.PetTest#testGetPetByID</h3><table class="result"><tr><th class="invisible"/></tr></table><p class="totop"><a href="#summary">back to summary</a></p>
<h3 id="m5">api.test.PetTest#testPostPet</h3><table class="result"><tr><th class="invisible"/></tr></table><p class="totop"><a href="#summary">back to summary</a></p>
<h3 id="m6">api.test.PetTest#testUpdatePet</h3><table class="result"><tr><th class="invisible"/></tr></table><p class="totop"><a href="#summary">back to summary</a></p>
<h3 id="m7">api.test.UserTests#testDeleteUser</h3><table class="result"><tr><th class="invisible"/></tr></table><p class="totop"><a href="#summary">back to summary</a></p>
<h3 id="m8">api.test.UserTests#testGetUserByName</h3><table class="result"><tr><th class="invisible"/></tr></table><p class="totop"><a href="#summary">back to summary</a></p>
<h3 id="m9">api.test.UserTests#testPostUser</h3><table class="result"><tr><th class="invisible"/></tr></table><p class="totop"><a href="#summary">back to summary</a></p>
<h3 id="m10">api.test.UserTests#testUpdateUser</h3><table class="result"><tr><th class="invisible"/></tr></table><p class="totop"><a href="#summary">back to summary</a></p>
</body>
</html>
